c:\users\dom\desktop\мама я програмист\ну чет тип для учебы наверное(тесты всякой залупы)\ну чет тип для учебы наверное(тесты всякой залупы)\x64\debug\vc145.pdb
c:\users\dom\desktop\мама я програмист\ну чет тип для учебы наверное(тесты всякой залупы)\ну чет тип для учебы наверное(тесты всякой залупы)\x64\debug\vc145.idb
c:\users\dom\desktop\мама я програмист\ну чет тип для учебы наверное(тесты всякой залупы)\ну чет тип для учебы наверное(тесты всякой залупы)\x64\debug\сосаити.obj
c:\users\dom\desktop\мама я програмист\ну чет тип для учебы наверное(тесты всякой залупы)\ну чет тип для учебы наверное(тесты всякой залупы)\x64\debug\п н б б указатели.obj
c:\users\dom\desktop\мама я програмист\ну чет тип для учебы наверное(тесты всякой залупы)\ну чет тип для учебы наверное(тесты всякой залупы)\x64\debug\ну чет тип для учебы наверное(тесты всякой залупы).ilk
c:\users\dom\desktop\мама я програмист\ну чет тип для учебы наверное(тесты всякой залупы)\x64\debug\ну чет тип для учебы наверное(тесты всякой залупы).pdb
c:\users\dom\desktop\мама я програмист\ну чет тип для учебы наверное(тесты всякой залупы)\ну чет тип для учебы наверное(тесты всякой залупы)\x64\debug\ну чет т.4c386738.tlog\cl.command.1.tlog
c:\users\dom\desktop\мама я програмист\ну чет тип для учебы наверное(тесты всякой залупы)\ну чет тип для учебы наверное(тесты всякой залупы)\x64\debug\ну чет т.4c386738.tlog\cl.items.tlog
c:\users\dom\desktop\мама я програмист\ну чет тип для учебы наверное(тесты всякой залупы)\ну чет тип для учебы наверное(тесты всякой залупы)\x64\debug\ну чет т.4c386738.tlog\cl.read.1.tlog
c:\users\dom\desktop\мама я програмист\ну чет тип для учебы наверное(тесты всякой залупы)\ну чет тип для учебы наверное(тесты всякой залупы)\x64\debug\ну чет т.4c386738.tlog\cl.write.1.tlog
c:\users\dom\desktop\мама я програмист\ну чет тип для учебы наверное(тесты всякой залупы)\ну чет тип для учебы наверное(тесты всякой залупы)\x64\debug\ну чет т.4c386738.tlog\link-cvtres.read.1.tlog
c:\users\dom\desktop\мама я програмист\ну чет тип для учебы наверное(тесты всякой залупы)\ну чет тип для учебы наверное(тесты всякой залупы)\x64\debug\ну чет т.4c386738.tlog\link-cvtres.write.1.tlog
c:\users\dom\desktop\мама я програмист\ну чет тип для учебы наверное(тесты всякой залупы)\ну чет тип для учебы наверное(тесты всякой залупы)\x64\debug\ну чет т.4c386738.tlog\link-rc.read.1.tlog
c:\users\dom\desktop\мама я програмист\ну чет тип для учебы наверное(тесты всякой залупы)\ну чет тип для учебы наверное(тесты всякой залупы)\x64\debug\ну чет т.4c386738.tlog\link-rc.write.1.tlog
c:\users\dom\desktop\мама я програмист\ну чет тип для учебы наверное(тесты всякой залупы)\ну чет тип для учебы наверное(тесты всякой залупы)\x64\debug\ну чет т.4c386738.tlog\link.7008-cvtres.read.1.tlog
c:\users\dom\desktop\мама я програмист\ну чет тип для учебы наверное(тесты всякой залупы)\ну чет тип для учебы наверное(тесты всякой залупы)\x64\debug\ну чет т.4c386738.tlog\link.7008-cvtres.write.1.tlog
c:\users\dom\desktop\мама я програмист\ну чет тип для учебы наверное(тесты всякой залупы)\ну чет тип для учебы наверное(тесты всякой залупы)\x64\debug\ну чет т.4c386738.tlog\link.7008-rc.read.1.tlog
c:\users\dom\desktop\мама я програмист\ну чет тип для учебы наверное(тесты всякой залупы)\ну чет тип для учебы наверное(тесты всякой залупы)\x64\debug\ну чет т.4c386738.tlog\link.7008-rc.write.1.tlog
c:\users\dom\desktop\мама я програмист\ну чет тип для учебы наверное(тесты всякой залупы)\ну чет тип для учебы наверное(тесты всякой залупы)\x64\debug\ну чет т.4c386738.tlog\link.7008.read.1.tlog
c:\users\dom\desktop\мама я програмист\ну чет тип для учебы наверное(тесты всякой залупы)\ну чет тип для учебы наверное(тесты всякой залупы)\x64\debug\ну чет т.4c386738.tlog\link.7008.read.2.tlog
c:\users\dom\desktop\мама я програмист\ну чет тип для учебы наверное(тесты всякой залупы)\ну чет тип для учебы наверное(тесты всякой залупы)\x64\debug\ну чет т.4c386738.tlog\link.7008.write.1.tlog
c:\users\dom\desktop\мама я програмист\ну чет тип для учебы наверное(тесты всякой залупы)\ну чет тип для учебы наверное(тесты всякой залупы)\x64\debug\ну чет т.4c386738.tlog\link.command.1.tlog
c:\users\dom\desktop\мама я програмист\ну чет тип для учебы наверное(тесты всякой залупы)\ну чет тип для учебы наверное(тесты всякой залупы)\x64\debug\ну чет т.4c386738.tlog\link.read.1.tlog
c:\users\dom\desktop\мама я програмист\ну чет тип для учебы наверное(тесты всякой залупы)\ну чет тип для учебы наверное(тесты всякой залупы)\x64\debug\ну чет т.4c386738.tlog\link.read.2.tlog
c:\users\dom\desktop\мама я програмист\ну чет тип для учебы наверное(тесты всякой залупы)\ну чет тип для учебы наверное(тесты всякой залупы)\x64\debug\ну чет т.4c386738.tlog\link.secondary.1.tlog
c:\users\dom\desktop\мама я програмист\ну чет тип для учебы наверное(тесты всякой залупы)\ну чет тип для учебы наверное(тесты всякой залупы)\x64\debug\ну чет т.4c386738.tlog\link.write.1.tlog
